Base path: C:/Program Files (x86)/Unity/Editor/Data
Pipe name: \\.\pipe\UnityShaderCompiler-3-7688
Cmd: getPlatforms
Cmd: compileSnippet
  error: 2 plat 4 at (112): incorrect number of arguments to numeric-type constructor
  api=4 type=0 insize=8233 outsize=0 kw=DIRECTIONAL SHADOWS_OFF LIGHTMAP_OFF DIRLIGHTMAP_OFF ok=0
Cmd: compileSnippet
  api=9 type=0 insize=8233 outsize=5054 kw=DIRECTIONAL SHADOWS_OFF LIGHTMAP_OFF DIRLIGHTMAP_OFF ok=1
Cmd: compileSnippet
  api=0 type=0 insize=8233 outsize=2060 kw=DIRECTIONAL SHADOWS_OFF LIGHTMAP_ON DIRLIGHTMAP_ON ok=1
Cmd: compileSnippet
  api=6 type=0 insize=8233 outsize=3105 kw=DIRECTIONAL SHADOWS_OFF LIGHTMAP_ON DIRLIGHTMAP_ON ok=1
Cmd: compileSnippet
  api=5 type=0 insize=8233 outsize=5738 kw=DIRECTIONAL SHADOWS_SCREEN LIGHTMAP_OFF DIRLIGHTMAP_OFF ok=1
Cmd: compileSnippet
  api=1 type=0 insize=8233 outsize=1120 kw=DIRECTIONAL SHADOWS_SCREEN LIGHTMAP_ON DIRLIGHTMAP_OFF ok=1
Cmd: compileSnippet
  api=9 type=0 insize=8233 outsize=3573 kw=DIRECTIONAL SHADOWS_SCREEN LIGHTMAP_ON DIRLIGHTMAP_OFF ok=1
Cmd: compileSnippet
  api=6 type=0 insize=8233 outsize=3762 kw=DIRECTIONAL SHADOWS_SCREEN LIGHTMAP_ON DIRLIGHTMAP_ON ok=1
Cmd: compileSnippet
  api=5 type=0 insize=8233 outsize=6134 kw=DIRECTIONAL SHADOWS_OFF LIGHTMAP_OFF DIRLIGHTMAP_OFF VERTEXLIGHT_ON ok=1
Cmd: compileSnippet
  api=1 type=0 insize=8233 outsize=3116 kw=DIRECTIONAL SHADOWS_SCREEN LIGHTMAP_OFF DIRLIGHTMAP_OFF VERTEXLIGHT_ON ok=1
Cmd: compileSnippet
  api=5 type=0 insize=8233 outsize=5649 kw=DIRECTIONAL SHADOWS_SCREEN SHADOWS_NATIVE LIGHTMAP_OFF DIRLIGHTMAP_OFF ok=1
Cmd: compileSnippet
  api=5 type=0 insize=8233 outsize=3708 kw=DIRECTIONAL SHADOWS_SCREEN SHADOWS_NATIVE LIGHTMAP_ON DIRLIGHTMAP_ON ok=1
Cmd: compileSnippet
  api=1 type=1 insize=8233 outsize=295 kw=DIRECTIONAL SHADOWS_OFF LIGHTMAP_OFF DIRLIGHTMAP_OFF ok=1
Cmd: compileSnippet
  error: 2 plat 4 at (112): incorrect number of arguments to numeric-type constructor
  api=4 type=1 insize=8233 outsize=0 kw=DIRECTIONAL SHADOWS_OFF LIGHTMAP_ON DIRLIGHTMAP_OFF ok=0
Cmd: compileSnippet
  error: 2 plat 4 at (112): incorrect number of arguments to numeric-type constructor
  api=4 type=1 insize=8233 outsize=0 kw=DIRECTIONAL SHADOWS_OFF LIGHTMAP_ON DIRLIGHTMAP_ON ok=0
Cmd: compileSnippet
  api=1 type=1 insize=8233 outsize=379 kw=DIRECTIONAL SHADOWS_SCREEN LIGHTMAP_OFF DIRLIGHTMAP_OFF ok=1
Cmd: compileSnippet
  api=5 type=1 insize=8233 outsize=6 kw=DIRECTIONAL SHADOWS_SCREEN LIGHTMAP_ON DIRLIGHTMAP_OFF ok=1
Cmd: compileSnippet
  api=6 type=1 insize=8233 outsize=6 kw=DIRECTIONAL SHADOWS_SCREEN LIGHTMAP_ON DIRLIGHTMAP_OFF ok=1
Cmd: compileSnippet
  api=0 type=1 insize=8233 outsize=460 kw=DIRECTIONAL SHADOWS_SCREEN LIGHTMAP_ON DIRLIGHTMAP_ON ok=1
Cmd: compileSnippet
  error: 2 plat 4 at (112): incorrect number of arguments to numeric-type constructor
  api=4 type=0 insize=6172 outsize=0 kw=POINT ok=0
Cmd: compileSnippet
  api=6 type=0 insize=6172 outsize=4121 kw=POINT ok=1
Cmd: compileSnippet
  error: 2 plat 4 at (112): incorrect number of arguments to numeric-type constructor
  api=4 type=0 insize=6172 outsize=0 kw=DIRECTIONAL ok=0
Cmd: compileSnippet
  api=5 type=0 insize=6172 outsize=3700 kw=DIRECTIONAL ok=1
Cmd: compileSnippet
  api=1 type=0 insize=6172 outsize=2297 kw=SPOT ok=1
Cmd: compileSnippet
  api=0 type=0 insize=6172 outsize=4594 kw=POINT_COOKIE ok=1
Cmd: compileSnippet
  api=9 type=0 insize=6172 outsize=4205 kw=POINT_COOKIE ok=1
Cmd: compileSnippet
  api=5 type=0 insize=6172 outsize=3951 kw=DIRECTIONAL_COOKIE ok=1
Cmd: compileSnippet
  error: 2 plat 4 at (112): incorrect number of arguments to numeric-type constructor
  api=4 type=1 insize=6172 outsize=0 kw=POINT ok=0
Cmd: compileSnippet
  api=1 type=1 insize=6172 outsize=287 kw=DIRECTIONAL ok=1
Cmd: compileSnippet
  error: 2 plat 4 at (112): incorrect number of arguments to numeric-type constructor
  api=4 type=1 insize=6172 outsize=0 kw=SPOT ok=0
Cmd: compileSnippet
  api=1 type=1 insize=6172 outsize=472 kw=POINT_COOKIE ok=1
Cmd: compileSnippet
  api=5 type=1 insize=6172 outsize=6 kw=DIRECTIONAL_COOKIE ok=1
Cmd: compileSnippet
  api=6 type=1 insize=6172 outsize=6 kw=DIRECTIONAL_COOKIE ok=1
Cmd: compileSnippet
  api=9 type=1 insize=6172 outsize=7 kw=DIRECTIONAL_COOKIE ok=1
Cmd: compileSnippet
  api=1 type=0 insize=5668 outsize=2039 kw= ok=1
Cmd: compileSnippet
  api=9 type=0 insize=5668 outsize=3012 kw= ok=1
Cmd: compileSnippet
  error: 2 plat 4 at (112): incorrect number of arguments to numeric-type constructor
  api=4 type=1 insize=5668 outsize=0 kw= ok=0
Cmd: compileSnippet
  error: 2 plat 4 at (112): incorrect number of arguments to numeric-type constructor
  api=4 type=0 insize=7881 outsize=0 kw=LIGHTMAP_OFF DIRLIGHTMAP_OFF HDR_LIGHT_PREPASS_OFF ok=0
Cmd: compileSnippet
  api=6 type=0 insize=7881 outsize=5489 kw=LIGHTMAP_OFF DIRLIGHTMAP_OFF HDR_LIGHT_PREPASS_OFF ok=1
Cmd: compileSnippet
  error: 2 plat 4 at (112): incorrect number of arguments to numeric-type constructor
  api=4 type=0 insize=7881 outsize=0 kw=LIGHTMAP_ON DIRLIGHTMAP_OFF HDR_LIGHT_PREPASS_OFF ok=0
Cmd: compileSnippet
  api=5 type=0 insize=7881 outsize=4807 kw=LIGHTMAP_ON DIRLIGHTMAP_OFF HDR_LIGHT_PREPASS_OFF ok=1
Cmd: compileSnippet
  api=1 type=0 insize=7881 outsize=1120 kw=LIGHTMAP_ON DIRLIGHTMAP_ON HDR_LIGHT_PREPASS_OFF ok=1
Cmd: compileSnippet
  api=0 type=0 insize=7881 outsize=4736 kw=LIGHTMAP_OFF DIRLIGHTMAP_OFF HDR_LIGHT_PREPASS_ON ok=1
Cmd: compileSnippet
  error: 2 plat 4 at (112): incorrect number of arguments to numeric-type constructor
  api=4 type=0 insize=7881 outsize=0 kw=LIGHTMAP_OFF DIRLIGHTMAP_OFF HDR_LIGHT_PREPASS_ON ok=0
Cmd: compileSnippet
  api=9 type=0 insize=7881 outsize=5484 kw=LIGHTMAP_OFF DIRLIGHTMAP_OFF HDR_LIGHT_PREPASS_ON ok=1
Cmd: compileSnippet
  api=5 type=0 insize=7881 outsize=4798 kw=LIGHTMAP_ON DIRLIGHTMAP_OFF HDR_LIGHT_PREPASS_ON ok=1
Cmd: compileSnippet
  error: 2 plat 4 at (112): incorrect number of arguments to numeric-type constructor
  api=4 type=0 insize=7881 outsize=0 kw=LIGHTMAP_ON DIRLIGHTMAP_ON HDR_LIGHT_PREPASS_ON ok=0
Cmd: compileSnippet
  api=5 type=0 insize=7881 outsize=3912 kw=LIGHTMAP_ON DIRLIGHTMAP_ON HDR_LIGHT_PREPASS_ON ok=1
Cmd: compileSnippet
  api=5 type=1 insize=7881 outsize=6 kw=LIGHTMAP_OFF DIRLIGHTMAP_OFF HDR_LIGHT_PREPASS_OFF ok=1
Cmd: compileSnippet
  api=6 type=1 insize=7881 outsize=6 kw=LIGHTMAP_OFF DIRLIGHTMAP_OFF HDR_LIGHT_PREPASS_OFF ok=1
Cmd: compileSnippet
  api=9 type=1 insize=7881 outsize=7 kw=LIGHTMAP_OFF DIRLIGHTMAP_OFF HDR_LIGHT_PREPASS_OFF ok=1
Cmd: compileSnippet
  api=0 type=1 insize=7881 outsize=681 kw=LIGHTMAP_ON DIRLIGHTMAP_OFF HDR_LIGHT_PREPASS_OFF ok=1
Cmd: compileSnippet
  api=1 type=1 insize=7881 outsize=340 kw=LIGHTMAP_ON DIRLIGHTMAP_ON HDR_LIGHT_PREPASS_OFF ok=1
Cmd: compileSnippet
  api=5 type=1 insize=7881 outsize=6 kw=LIGHTMAP_OFF DIRLIGHTMAP_OFF HDR_LIGHT_PREPASS_ON ok=1
Cmd: compileSnippet
  api=6 type=1 insize=7881 outsize=6 kw=LIGHTMAP_OFF DIRLIGHTMAP_OFF HDR_LIGHT_PREPASS_ON ok=1
Cmd: compileSnippet
  api=9 type=1 insize=7881 outsize=7 kw=LIGHTMAP_OFF DIRLIGHTMAP_OFF HDR_LIGHT_PREPASS_ON ok=1
Cmd: compileSnippet
  api=0 type=1 insize=7881 outsize=623 kw=LIGHTMAP_ON DIRLIGHTMAP_OFF HDR_LIGHT_PREPASS_ON ok=1
Cmd: compileSnippet
  api=1 type=1 insize=7881 outsize=285 kw=LIGHTMAP_ON DIRLIGHTMAP_ON HDR_LIGHT_PREPASS_ON ok=1
Unhandled exception: Readfile from pipe failed. GLE=Ha terminado la canalización.


Quitting shader compiler process
